app/build/outputs/logs/manifest-merger-release-report.txt
-- Merging decision tree log ---
manifest
ADDED from src\main\AndroidManifest.xml:2:1-210:12
INJECTED from src\main\AndroidManifest.xml:2:1-210:12
INJECTED from src\main\AndroidManifest.xml:2:1-210:12
INJECTED from src\main\AndroidManifest.xml:2:1-210:12
MERGED from [com.github.LogentriesCommunity:le_android:4.1.0] AndroidManifest.xml:2:1-12:12
MERGED from [com.crashlytics.sdk.android:crashlytics:2.9.9] AndroidManifest.xml:2:1-19:12
MERGED from [com.crashlytics.sdk.android:crashlytics-core:2.6.8] AndroidManifest.xml:45:1-56:12
MERGED from [com.crashlytics.sdk.android:answers:1.4.7] AndroidManifest.xml:2:1-13:12
MERGED from [io.fabric.sdk.android:fabric:1.4.8] AndroidManifest.xml:22:1-33:12
MERGED from [com.crashlytics.sdk.android:beta:1.2.10] AndroidManifest.xml:2:1-13:12
INJECTED from src\main\AndroidManifest.xml:2:1-210:12
INJECTED from src\main\AndroidManifest.xml:2:1-210:12
INJECTED from src\main\AndroidManifest.xml:2:1-210:12
	package
		ADDED from src\main\AndroidManifest.xml:4:3-27
		INJECTED from src\main\AndroidManifest.xml
		INJECTED from src\main\AndroidManifest.xml
	android:versionName
		ADDED from src\main\AndroidManifest.xml:6:3-30
		INJECTED from src\main\AndroidManifest.xml
		INJECTED from src\main\AndroidManifest.xml
	xmlns:tools
		ADDED from src\main\AndroidManifest.xml:3:3-49
	xmlns:android
		ADDED from src\main\AndroidManifest.xml:2:11-69
	android:versionCode
		ADDED from src\main\AndroidManifest.xml:5:3-27
		INJECTED from src\main\AndroidManifest.xml
		INJECTED from src\main\AndroidManifest.xml
uses-sdk
ADDED from src\main\AndroidManifest.xml:8:3-13:33
INJECTED from src\main\AndroidManifest.xml:8:3-13:33
INJECTED from src\main\AndroidManifest.xml:8:3-13:33
MERGED from [com.github.LogentriesCommunity:le_android:4.1.0] AndroidManifest.xml:8:5-10:41
MERGED from [com.github.LogentriesCommunity:le_android:4.1.0] AndroidManifest.xml:8:5-10:41
MERGED from [com.crashlytics.sdk.android:crashlytics:2.9.9] AndroidManifest.xml:7:5-43
MERGED from [com.crashlytics.sdk.android:crashlytics:2.9.9] AndroidManifest.xml:7:5-43
MERGED from [com.crashlytics.sdk.android:crashlytics-core:2.6.8] AndroidManifest.xml:50:5-43
MERGED from [com.crashlytics.sdk.android:crashlytics-core:2.6.8] AndroidManifest.xml:50:5-43
MERGED from [com.crashlytics.sdk.android:answers:1.4.7] AndroidManifest.xml:7:5-43
MERGED from [com.crashlytics.sdk.android:answers:1.4.7] AndroidManifest.xml:7:5-43
MERGED from [io.fabric.sdk.android:fabric:1.4.8] AndroidManifest.xml:27:5-43
MERGED from [io.fabric.sdk.android:fabric:1.4.8] AndroidManifest.xml:27:5-43
MERGED from [com.crashlytics.sdk.android:beta:1.2.10] AndroidManifest.xml:7:5-43
MERGED from [com.crashlytics.sdk.android:beta:1.2.10] AndroidManifest.xml:7:5-43
INJECTED from src\main\AndroidManifest.xml:8:3-13:33
INJECTED from src\main\AndroidManifest.xml:8:3-13:33
	tools:overrideLibrary
		ADDED from src\main\AndroidManifest.xml:8:3-13:33
	android:targetSdkVersion
		INJECTED from src\main\AndroidManifest.xml
		ADDED from src\main\AndroidManifest.xml:8:3-13:33
		INJECTED from src\main\AndroidManifest.xml
	android:minSdkVersion
		INJECTED from src\main\AndroidManifest.xml
		ADDED from src\main\AndroidManifest.xml:8:3-13:33
		INJECTED from src\main\AndroidManifest.xml
uses-permission#android.permission.ACCESS_NETWORK_STATE
ADDED from src\main\AndroidManifest.xml:15:3-76
	android:name
		ADDED from src\main\AndroidManifest.xml:15:20-74
uses-permission#android.permission.CHANGE_NETWORK_STATE
ADDED from src\main\AndroidManifest.xml:16:3-76
	android:name
		ADDED from src\main\AndroidManifest.xml:16:20-74
uses-permission#android.permission.ACCESS_WIFI_STATE
ADDED from src\main\AndroidManifest.xml:17:3-73
	android:name
		ADDED from src\main\AndroidManifest.xml:17:20-71
uses-permission#android.permission.CHANGE_WIFI_STATE
ADDED from src\main\AndroidManifest.xml:18:3-73
	android:name
		ADDED from src\main\AndroidManifest.xml:18:20-71
uses-permission#android.permission.READ_PHONE_STATE
ADDED from src\main\AndroidManifest.xml:19:3-72
	android:name
		ADDED from src\main\AndroidManifest.xml:19:20-70
uses-permission#android.permission.RECEIVE_SMS
ADDED from src\main\AndroidManifest.xml:20:3-67
	android:name
		ADDED from src\main\AndroidManifest.xml:20:20-65
uses-permission#android.permission.RECEIVE_MMS
ADDED from src\main\AndroidManifest.xml:21:3-67
	android:name
		ADDED from src\main\AndroidManifest.xml:21:20-65
uses-permission#android.permission.SEND_SMS
ADDED from src\main\AndroidManifest.xml:22:3-64
	android:name
		ADDED from src\main\AndroidManifest.xml:22:20-62
uses-permission#android.permission.READ_SMS
ADDED from src\main\AndroidManifest.xml:23:3-64
	android:name
		ADDED from src\main\AndroidManifest.xml:23:20-62
uses-permission#android.permission.WRITE_SMS
ADDED from src\main\AndroidManifest.xml:24:3-65
	android:name
		ADDED from src\main\AndroidManifest.xml:24:20-63
uses-permission#android.permission.WAKE_LOCK
ADDED from src\main\AndroidManifest.xml:25:3-65
	android:name
		ADDED from src\main\AndroidManifest.xml:25:20-63
uses-permission#android.permission.RECEIVE_BOOT_COMPLETED
ADDED from src\main\AndroidManifest.xml:26:3-78
	android:name
		ADDED from src\main\AndroidManifest.xml:26:20-76
uses-permission#android.permission.INTERNET
ADDED from src\main\AndroidManifest.xml:27:3-64
MERGED from [com.crashlytics.sdk.android:crashlytics:2.9.9] AndroidManifest.xml:9:5-67
MERGED from [com.crashlytics.sdk.android:crashlytics:2.9.9] AndroidManifest.xml:9:5-67
MERGED from [com.crashlytics.sdk.android:crashlytics-core:2.6.8] AndroidManifest.xml:52:5-67
MERGED from [com.crashlytics.sdk.android:crashlytics-core:2.6.8] AndroidManifest.xml:52:5-67
MERGED from [com.crashlytics.sdk.android:answers:1.4.7] AndroidManifest.xml:9:5-67
MERGED from [com.crashlytics.sdk.android:answers:1.4.7] AndroidManifest.xml:9:5-67
MERGED from [io.fabric.sdk.android:fabric:1.4.8] AndroidManifest.xml:29:5-67
MERGED from [io.fabric.sdk.android:fabric:1.4.8] AndroidManifest.xml:29:5-67
MERGED from [com.crashlytics.sdk.android:beta:1.2.10] AndroidManifest.xml:9:5-67
MERGED from [com.crashlytics.sdk.android:beta:1.2.10] AndroidManifest.xml:9:5-67
	android:name
		ADDED from src\main\AndroidManifest.xml:27:20-62
uses-permission#android.permission.WRITE_SETTINGS
ADDED from src\main\AndroidManifest.xml:28:3-30:42
	tools:ignore
		ADDED from src\main\AndroidManifest.xml:30:5-40
	android:name
		ADDED from src\main\AndroidManifest.xml:29:5-53
uses-permission#android.permission.READ_LOGS
ADDED from src\main\AndroidManifest.xml:32:3-34:42
	tools:ignore
		ADDED from src\main\AndroidManifest.xml:34:5-40
	android:name
		ADDED from src\main\AndroidManifest.xml:33:5-48
uses-permission#android.permission.WRITE_EXTERNAL_STORAGE
ADDED from src\main\AndroidManifest.xml:35:3-78
	android:name
		ADDED from src\main\AndroidManifest.xml:35:20-76
uses-permission#android.permission.READ_EXTERNAL_STORAGE
ADDED from src\main\AndroidManifest.xml:36:3-77
	android:name
		ADDED from src\main\AndroidManifest.xml:36:20-75
application
ADDED from src\main\AndroidManifest.xml:38:3-209:17
MERGED from [com.crashlytics.sdk.android:crashlytics:2.9.9] AndroidManifest.xml:11:5-17:19
MERGED from [com.crashlytics.sdk.android:crashlytics:2.9.9] AndroidManifest.xml:11:5-17:19
MERGED from [com.crashlytics.sdk.android:crashlytics-core:2.6.8] AndroidManifest.xml:54:5-20
MERGED from [com.crashlytics.sdk.android:crashlytics-core:2.6.8] AndroidManifest.xml:54:5-20
MERGED from [com.crashlytics.sdk.android:answers:1.4.7] AndroidManifest.xml:11:5-20
MERGED from [com.crashlytics.sdk.android:answers:1.4.7] AndroidManifest.xml:11:5-20
MERGED from [io.fabric.sdk.android:fabric:1.4.8] AndroidManifest.xml:31:5-20
MERGED from [io.fabric.sdk.android:fabric:1.4.8] AndroidManifest.xml:31:5-20
MERGED from [com.crashlytics.sdk.android:beta:1.2.10] AndroidManifest.xml:11:5-20
MERGED from [com.crashlytics.sdk.android:beta:1.2.10] AndroidManifest.xml:11:5-20
	android:label
		ADDED from src\main\AndroidManifest.xml:40:5-37
	android:icon
		ADDED from src\main\AndroidManifest.xml:39:5-34
	android:name
		ADDED from src\main\AndroidManifest.xml:41:5-38
activity#org.envaya.sms.ui.Main
ADDED from src\main\AndroidManifest.xml:42:5-50:16
	android:label
		ADDED from src\main\AndroidManifest.xml:43:7-39
	android:noHistory
		ADDED from src\main\AndroidManifest.xml:45:7-31
	android:name
		ADDED from src\main\AndroidManifest.xml:44:7-44
intent-filter#action:name:android.intent.action.MAIN+category:name:android.intent.category.LAUNCHER
ADDED from src\main\AndroidManifest.xml:46:7-49:23
action#android.intent.action.MAIN
ADDED from src\main\AndroidManifest.xml:47:9-60
	android:name
		ADDED from src\main\AndroidManifest.xml:47:17-58
category#android.intent.category.LAUNCHER
ADDED from src\main\AndroidManifest.xml:48:9-68
	android:name
		ADDED from src\main\AndroidManifest.xml:48:19-66
activity#org.envaya.sms.ui.LogView
ADDED from src\main\AndroidManifest.xml:52:5-55:16
	android:label
		ADDED from src\main\AndroidManifest.xml:53:7-45
	android:name
		ADDED from src\main\AndroidManifest.xml:54:7-47
activity#org.envaya.sms.ui.Help
ADDED from src\main\AndroidManifest.xml:57:5-60:16
	android:label
		ADDED from src\main\AndroidManifest.xml:58:7-41
	android:name
		ADDED from src\main\AndroidManifest.xml:59:7-44
activity#org.envaya.sms.ui.TestPhoneNumbers
ADDED from src\main\AndroidManifest.xml:62:5-65:16
	android:label
		ADDED from src\main\AndroidManifest.xml:63:7-55
	android:name
		ADDED from src\main\AndroidManifest.xml:64:7-56
activity#org.envaya.sms.ui.IgnoredPhoneNumbers
ADDED from src\main\AndroidManifest.xml:67:5-70:16
	android:label
		ADDED from src\main\AndroidManifest.xml:68:7-58
	android:name
		ADDED from src\main\AndroidManifest.xml:69:7-59
activity#org.envaya.sms.ui.MessagingSmsInbox
ADDED from src\main\AndroidManifest.xml:72:5-75:16
	android:label
		ADDED from src\main\AndroidManifest.xml:73:7-50
	android:name
		ADDED from src\main\AndroidManifest.xml:74:7-57
activity#org.envaya.sms.ui.MessagingMmsInbox
ADDED from src\main\AndroidManifest.xml:77:5-80:16
	android:label
		ADDED from src\main\AndroidManifest.xml:78:7-50
	android:name
		ADDED from src\main\AndroidManifest.xml:79:7-57
activity#org.envaya.sms.ui.MessagingSentSms
ADDED from src\main\AndroidManifest.xml:82:5-85:16
	android:label
		ADDED from src\main\AndroidManifest.xml:83:7-50
	android:name
		ADDED from src\main\AndroidManifest.xml:84:7-56
activity#org.envaya.sms.ui.PendingMessages
ADDED from src\main\AndroidManifest.xml:87:5-90:16
	android:label
		ADDED from src\main\AndroidManifest.xml:88:7-53
	android:name
		ADDED from src\main\AndroidManifest.xml:89:7-55
activity#org.envaya.sms.ui.Prefs
ADDED from src\main\AndroidManifest.xml:92:5-95:16
	android:label
		ADDED from src\main\AndroidManifest.xml:93:7-45
	android:name
		ADDED from src\main\AndroidManifest.xml:94:7-45
activity#org.envaya.sms.ui.ExpansionPacks
ADDED from src\main\AndroidManifest.xml:97:5-100:16
	android:label
		ADDED from src\main\AndroidManifest.xml:98:7-26
	android:name
		ADDED from src\main\AndroidManifest.xml:99:7-54
receiver#org.envaya.sms.receiver.SmsReceiver
ADDED from src\main\AndroidManifest.xml:102:5-106:16
	android:name
		ADDED from src\main\AndroidManifest.xml:102:15-65
intent-filter#action:name:android.provider.Telephony.SMS_RECEIVED
ADDED from src\main\AndroidManifest.xml:103:7-105:23
	android:priority
		ADDED from src\main\AndroidManifest.xml:103:22-44
action#android.provider.Telephony.SMS_RECEIVED
ADDED from src\main\AndroidManifest.xml:104:9-73
	android:name
		ADDED from src\main\AndroidManifest.xml:104:17-71
receiver#org.envaya.sms.receiver.OutgoingSmsReceiver
ADDED from src\main\AndroidManifest.xml:108:5-113:16
	android:name
		ADDED from src\main\AndroidManifest.xml:108:15-73
intent-filter#action:name:org.envaya.sms.OUTGOING_SMS+data:scheme:content
ADDED from src\main\AndroidManifest.xml:109:7-112:23
action#org.envaya.sms.OUTGOING_SMS
ADDED from src\main\AndroidManifest.xml:110:9-61
	android:name
		ADDED from src\main\AndroidManifest.xml:110:17-59
data
ADDED from src\main\AndroidManifest.xml:111:9-41
	android:scheme
		ADDED from src\main\AndroidManifest.xml:111:15-39
receiver#org.envaya.sms.receiver.MessageStatusNotifier
ADDED from src\main\AndroidManifest.xml:115:5-122:16
	android:exported
		ADDED from src\main\AndroidManifest.xml:116:7-30
	android:name
		ADDED from src\main\AndroidManifest.xml:117:7-67
intent-filter#action:name:org.envaya.sms.MESSAGE_STATUS+data:scheme:content
ADDED from src\main\AndroidManifest.xml:118:7-121:23
action#org.envaya.sms.MESSAGE_STATUS
ADDED from src\main\AndroidManifest.xml:119:9-63
	android:name
		ADDED from src\main\AndroidManifest.xml:119:17-61
receiver#org.envaya.sms.receiver.NudgeReceiver
ADDED from src\main\AndroidManifest.xml:124:5-131:16
	android:exported
		ADDED from src\main\AndroidManifest.xml:125:7-30
	android:name
		ADDED from src\main\AndroidManifest.xml:126:7-59
intent-filter#action:name:android.intent.action.BOOT_COMPLETED+action:name:org.envaya.sms.NUDGE
ADDED from src\main\AndroidManifest.xml:127:7-130:23
action#org.envaya.sms.NUDGE
ADDED from src\main\AndroidManifest.xml:128:9-54
	android:name
		ADDED from src\main\AndroidManifest.xml:128:17-52
action#android.intent.action.BOOT_COMPLETED
ADDED from src\main\AndroidManifest.xml:129:9-70
	android:name
		ADDED from src\main\AndroidManifest.xml:129:17-68
receiver#org.envaya.sms.receiver.DequeueOutgoingMessageReceiver
ADDED from src\main\AndroidManifest.xml:144:5-145:16
	android:name
		ADDED from src\main\AndroidManifest.xml:144:15-84
receiver#org.envaya.sms.receiver.OutgoingMessageTimeout
ADDED from src\main\AndroidManifest.xml:147:5-148:16
	android:name
		ADDED from src\main\AndroidManifest.xml:147:15-76
receiver#org.envaya.sms.receiver.OutgoingMessagePoller
ADDED from src\main\AndroidManifest.xml:150:5-151:16
	android:name
		ADDED from src\main\AndroidManifest.xml:150:15-75
receiver#org.envaya.sms.receiver.OutgoingMessageRetry
ADDED from src\main\AndroidManifest.xml:153:5-154:16
	android:name
		ADDED from src\main\AndroidManifest.xml:153:15-74
receiver#org.envaya.sms.receiver.IncomingMessageRetry
ADDED from src\main\AndroidManifest.xml:156:5-157:16
	android:name
		ADDED from src\main\AndroidManifest.xml:156:15-74
receiver#org.envaya.sms.receiver.ReenableWifiReceiver
ADDED from src\main\AndroidManifest.xml:159:5-160:16
	android:name
		ADDED from src\main\AndroidManifest.xml:159:15-74
receiver#org.envaya.sms.receiver.StartAmqpConsumer
ADDED from src\main\AndroidManifest.xml:162:5-163:16
	android:name
		ADDED from src\main\AndroidManifest.xml:162:15-71
receiver#org.envaya.sms.receiver.ExpansionPackInstallReceiver
ADDED from src\main\AndroidManifest.xml:165:5-173:16
	android:name
		ADDED from src\main\AndroidManifest.xml:165:15-82
intent-filter#action:name:android.intent.action.PACKAGE_ADDED+action:name:android.intent.action.PACKAGE_REMOVED+action:name:android.intent.action.PACKAGE_REPLACED+data:scheme:package
ADDED from src\main\AndroidManifest.xml:166:7-172:23
action#android.intent.action.PACKAGE_ADDED
ADDED from src\main\AndroidManifest.xml:167:9-69
	android:name
		ADDED from src\main\AndroidManifest.xml:167:17-67
action#android.intent.action.PACKAGE_REMOVED
ADDED from src\main\AndroidManifest.xml:168:9-71
	android:name
		ADDED from src\main\AndroidManifest.xml:168:17-69
action#android.intent.action.PACKAGE_REPLACED
ADDED from src\main\AndroidManifest.xml:169:9-72
	android:name
		ADDED from src\main\AndroidManifest.xml:169:17-70
receiver#org.envaya.sms.receiver.ConnectivityChangeReceiver
ADDED from src\main\AndroidManifest.xml:175:5-179:16
	android:name
		ADDED from src\main\AndroidManifest.xml:175:15-80
intent-filter#action:name:android.net.conn.CONNECTIVITY_CHANGE
ADDED from src\main\AndroidManifest.xml:176:7-178:23
action#android.net.conn.CONNECTIVITY_CHANGE
ADDED from src\main\AndroidManifest.xml:177:9-70
	android:name
		ADDED from src\main\AndroidManifest.xml:177:17-68
receiver#org.envaya.sms.receiver.DeviceStatusReceiver
ADDED from src\main\AndroidManifest.xml:181:5-188:16
	android:name
		ADDED from src\main\AndroidManifest.xml:181:15-74
intent-filter#action:name:android.intent.action.ACTION_POWER_CONNECTED+action:name:android.intent.action.ACTION_POWER_DISCONNECTED+action:name:android.intent.action.BATTERY_LOW+action:name:android.intent.action.BATTERY_OKAY
ADDED from src\main\AndroidManifest.xml:182:7-187:23
action#android.intent.action.ACTION_POWER_CONNECTED
ADDED from src\main\AndroidManifest.xml:183:9-78
	android:name
		ADDED from src\main\AndroidManifest.xml:183:17-76
action#android.intent.action.ACTION_POWER_DISCONNECTED
ADDED from src\main\AndroidManifest.xml:184:9-81
	android:name
		ADDED from src\main\AndroidManifest.xml:184:17-79
action#android.intent.action.BATTERY_LOW
ADDED from src\main\AndroidManifest.xml:185:9-67
	android:name
		ADDED from src\main\AndroidManifest.xml:185:17-65
action#android.intent.action.BATTERY_OKAY
ADDED from src\main\AndroidManifest.xml:186:9-68
	android:name
		ADDED from src\main\AndroidManifest.xml:186:17-66
service#org.envaya.sms.service.CheckMessagingService
ADDED from src\main\AndroidManifest.xml:190:5-191:15
	android:name
		ADDED from src\main\AndroidManifest.xml:190:14-73
service#org.envaya.sms.service.EnabledChangedService
ADDED from src\main\AndroidManifest.xml:193:5-194:15
	android:name
		ADDED from src\main\AndroidManifest.xml:193:14-73
service#org.envaya.sms.service.ForegroundService
ADDED from src\main\AndroidManifest.xml:196:5-197:15
	android:name
		ADDED from src\main\AndroidManifest.xml:196:14-69
service#org.envaya.sms.service.AmqpConsumerService
ADDED from src\main\AndroidManifest.xml:199:5-200:15
	android:name
		ADDED from src\main\AndroidManifest.xml:199:14-71
service#org.envaya.sms.service.AmqpHeartbeatService
ADDED from src\main\AndroidManifest.xml:202:5-203:15
	android:name
		ADDED from src\main\AndroidManifest.xml:202:14-72
meta-data#io.fabric.ApiKey
ADDED from src\main\AndroidManifest.xml:205:5-207:65
	android:value
		ADDED from src\main\AndroidManifest.xml:207:7-63
	android:name
		ADDED from src\main\AndroidManifest.xml:206:7-38
provider#com.crashlytics.android.CrashlyticsInitProvider
ADDED from [com.crashlytics.sdk.android:crashlytics:2.9.9] AndroidManifest.xml:12:9-16:38
	android:authorities
		ADDED from [com.crashlytics.sdk.android:crashlytics:2.9.9] AndroidManifest.xml:14:13-75
	android:exported
		ADDED from [com.crashlytics.sdk.android:crashlytics:2.9.9] AndroidManifest.xml:15:13-37
	android:initOrder
		ADDED from [com.crashlytics.sdk.android:crashlytics:2.9.9] AndroidManifest.xml:16:13-35
	android:name
		ADDED from [com.crashlytics.sdk.android:crashlytics:2.9.9] AndroidManifest.xml:13:13-75